{"C:\\Users\\arundsa\\ReactApps\\MyArticlesApp\\src\\App.tsx": {"path":"C:\\Users\\arundsa\\ReactApps\\MyArticlesApp\\src\\App.tsx","all":true,"statementMap":{"0":{"start":{"line":1,"column":0},"end":{"line":1,"column":50}},"2":{"start":{"line":3,"column":0},"end":{"line":3,"column":45}},"4":{"start":{"line":5,"column":0},"end":{"line":5,"column":16}},"5":{"start":{"line":6,"column":0},"end":{"line":6,"column":44}},"6":{"start":{"line":7,"column":0},"end":{"line":7,"column":1}},"8":{"start":{"line":9,"column":0},"end":{"line":9,"column":19}}},"s":{"0":0,"2":0,"4":0,"5":0,"6":0,"8":0},"branchMap":{"0":{"type":"branch","line":1,"loc":{"start":{"line":1,"column":183},"end":{"line":9,"column":19}},"locations":[{"start":{"line":1,"column":183},"end":{"line":9,"column":19}}]}},"b":{"0":[0]},"fnMap":{"0":{"name":"(empty-report)","decl":{"start":{"line":1,"column":183},"end":{"line":9,"column":19}},"loc":{"start":{"line":1,"column":183},"end":{"line":9,"column":19}},"line":1}},"f":{"0":0}}
,"C:\\Users\\arundsa\\ReactApps\\MyArticlesApp\\src\\main.tsx": {"path":"C:\\Users\\arundsa\\ReactApps\\MyArticlesApp\\src\\main.tsx","all":true,"statementMap":{"0":{"start":{"line":1,"column":0},"end":{"line":1,"column":26}},"1":{"start":{"line":2,"column":0},"end":{"line":2,"column":40}},"2":{"start":{"line":3,"column":0},"end":{"line":3,"column":28}},"3":{"start":{"line":4,"column":0},"end":{"line":4,"column":22}},"5":{"start":{"line":6,"column":0},"end":{"line":6,"column":61}},"6":{"start":{"line":7,"column":0},"end":{"line":7,"column":20}},"7":{"start":{"line":8,"column":0},"end":{"line":8,"column":11}},"8":{"start":{"line":9,"column":0},"end":{"line":9,"column":21}},"9":{"start":{"line":10,"column":0},"end":{"line":10,"column":2}}},"s":{"0":0,"1":0,"2":0,"3":0,"5":0,"6":0,"7":0,"8":0,"9":0},"branchMap":{"0":{"type":"branch","line":1,"loc":{"start":{"line":1,"column":240},"end":{"line":10,"column":2}},"locations":[{"start":{"line":1,"column":240},"end":{"line":10,"column":2}}]}},"b":{"0":[0]},"fnMap":{"0":{"name":"(empty-report)","decl":{"start":{"line":1,"column":240},"end":{"line":10,"column":2}},"loc":{"start":{"line":1,"column":240},"end":{"line":10,"column":2}},"line":1}},"f":{"0":0}}
,"C:\\Users\\arundsa\\ReactApps\\MyArticlesApp\\src\\components\\ArticleDetailsCard\\index.tsx": {"path":"C:\\Users\\arundsa\\ReactApps\\MyArticlesApp\\src\\components\\ArticleDetailsCard\\index.tsx","all":false,"statementMap":{"0":{"start":{"line":1,"column":0},"end":{"line":1,"column":60}},"1":{"start":{"line":2,"column":0},"end":{"line":2,"column":47}},"2":{"start":{"line":3,"column":0},"end":{"line":3,"column":50}},"3":{"start":{"line":4,"column":0},"end":{"line":4,"column":50}},"8":{"start":{"line":9,"column":0},"end":{"line":9,"column":38}},"11":{"start":{"line":12,"column":0},"end":{"line":12,"column":30}},"12":{"start":{"line":13,"column":0},"end":{"line":13,"column":10}},"13":{"start":{"line":14,"column":0},"end":{"line":14,"column":4}},"15":{"start":{"line":16,"column":0},"end":{"line":16,"column":7}},"16":{"start":{"line":17,"column":0},"end":{"line":17,"column":33}},"18":{"start":{"line":19,"column":0},"end":{"line":19,"column":34}},"19":{"start":{"line":20,"column":0},"end":{"line":20,"column":18}},"20":{"start":{"line":21,"column":0},"end":{"line":21,"column":4}},"22":{"start":{"line":23,"column":0},"end":{"line":23,"column":10}},"23":{"start":{"line":24,"column":0},"end":{"line":24,"column":10}},"24":{"start":{"line":25,"column":0},"end":{"line":25,"column":11}},"25":{"start":{"line":26,"column":0},"end":{"line":26,"column":43}},"26":{"start":{"line":27,"column":0},"end":{"line":27,"column":24}},"27":{"start":{"line":28,"column":0},"end":{"line":28,"column":8}},"28":{"start":{"line":29,"column":0},"end":{"line":29,"column":56}},"30":{"start":{"line":31,"column":0},"end":{"line":31,"column":13}},"31":{"start":{"line":32,"column":0},"end":{"line":32,"column":29}},"32":{"start":{"line":33,"column":0},"end":{"line":33,"column":22}},"33":{"start":{"line":34,"column":0},"end":{"line":34,"column":22}},"34":{"start":{"line":35,"column":0},"end":{"line":35,"column":61}},"36":{"start":{"line":37,"column":0},"end":{"line":37,"column":25}},"37":{"start":{"line":38,"column":0},"end":{"line":38,"column":67}},"38":{"start":{"line":39,"column":0},"end":{"line":39,"column":31}},"39":{"start":{"line":40,"column":0},"end":{"line":40,"column":19}},"40":{"start":{"line":41,"column":0},"end":{"line":41,"column":28}},"41":{"start":{"line":42,"column":0},"end":{"line":42,"column":25}},"42":{"start":{"line":43,"column":0},"end":{"line":43,"column":36}},"43":{"start":{"line":44,"column":0},"end":{"line":44,"column":63}},"45":{"start":{"line":46,"column":0},"end":{"line":46,"column":27}},"46":{"start":{"line":47,"column":0},"end":{"line":47,"column":30}},"47":{"start":{"line":48,"column":0},"end":{"line":48,"column":28}},"48":{"start":{"line":49,"column":0},"end":{"line":49,"column":25}},"49":{"start":{"line":50,"column":0},"end":{"line":50,"column":29}},"50":{"start":{"line":51,"column":0},"end":{"line":51,"column":65}},"52":{"start":{"line":53,"column":0},"end":{"line":53,"column":28}},"53":{"start":{"line":54,"column":0},"end":{"line":54,"column":30}},"54":{"start":{"line":55,"column":0},"end":{"line":55,"column":14}},"55":{"start":{"line":56,"column":0},"end":{"line":56,"column":17}},"56":{"start":{"line":57,"column":0},"end":{"line":57,"column":18}},"57":{"start":{"line":58,"column":0},"end":{"line":58,"column":15}},"58":{"start":{"line":59,"column":0},"end":{"line":59,"column":23}},"59":{"start":{"line":60,"column":0},"end":{"line":60,"column":206}},"60":{"start":{"line":61,"column":0},"end":{"line":61,"column":22}},"61":{"start":{"line":62,"column":0},"end":{"line":62,"column":35}},"62":{"start":{"line":63,"column":0},"end":{"line":63,"column":28}},"63":{"start":{"line":64,"column":0},"end":{"line":64,"column":56}},"64":{"start":{"line":65,"column":0},"end":{"line":65,"column":53}},"65":{"start":{"line":66,"column":0},"end":{"line":66,"column":9}},"67":{"start":{"line":68,"column":0},"end":{"line":68,"column":17}},"68":{"start":{"line":69,"column":0},"end":{"line":69,"column":12}},"69":{"start":{"line":70,"column":0},"end":{"line":70,"column":12}},"71":{"start":{"line":72,"column":0},"end":{"line":72,"column":2}},"73":{"start":{"line":74,"column":0},"end":{"line":74,"column":35}}},"s":{"0":1,"1":1,"2":1,"3":1,"8":1,"11":1,"12":3,"13":3,"15":3,"16":3,"18":3,"19":0,"20":0,"22":3,"23":3,"24":3,"25":3,"26":3,"27":3,"28":3,"30":3,"31":3,"32":3,"33":3,"34":3,"36":3,"37":3,"38":3,"39":3,"40":3,"41":3,"42":3,"43":3,"45":3,"46":3,"47":3,"48":3,"49":3,"50":3,"52":3,"53":3,"54":3,"55":3,"56":3,"57":3,"58":3,"59":3,"60":3,"61":3,"62":3,"63":3,"64":3,"65":3,"67":3,"68":3,"69":3,"71":3,"73":1},"branchMap":{"0":{"type":"branch","line":12,"loc":{"start":{"line":12,"column":28},"end":{"line":72,"column":2}},"locations":[{"start":{"line":12,"column":28},"end":{"line":72,"column":2}}]}},"b":{"0":[3]},"fnMap":{"0":{"name":"ArticlesDetailsCard","decl":{"start":{"line":12,"column":28},"end":{"line":72,"column":2}},"loc":{"start":{"line":12,"column":28},"end":{"line":72,"column":2}},"line":12},"1":{"name":"handleBackAction","decl":{"start":{"line":19,"column":27},"end":{"line":21,"column":4}},"loc":{"start":{"line":19,"column":27},"end":{"line":21,"column":4}},"line":19}},"f":{"0":3,"1":0}}
,"C:\\Users\\arundsa\\ReactApps\\MyArticlesApp\\src\\components\\ArticleDetailsSkeleton\\index.tsx": {"path":"C:\\Users\\arundsa\\ReactApps\\MyArticlesApp\\src\\components\\ArticleDetailsSkeleton\\index.tsx","all":false,"statementMap":{"0":{"start":{"line":1,"column":0},"end":{"line":1,"column":47}},"1":{"start":{"line":2,"column":0},"end":{"line":2,"column":62}},"2":{"start":{"line":3,"column":0},"end":{"line":3,"column":50}},"7":{"start":{"line":8,"column":0},"end":{"line":8,"column":38}},"9":{"start":{"line":10,"column":0},"end":{"line":10,"column":39}},"10":{"start":{"line":11,"column":0},"end":{"line":11,"column":33}},"12":{"start":{"line":13,"column":0},"end":{"line":13,"column":34}},"13":{"start":{"line":14,"column":0},"end":{"line":14,"column":18}},"14":{"start":{"line":15,"column":0},"end":{"line":15,"column":4}},"16":{"start":{"line":17,"column":0},"end":{"line":17,"column":10}},"17":{"start":{"line":18,"column":0},"end":{"line":18,"column":10}},"18":{"start":{"line":19,"column":0},"end":{"line":19,"column":11}},"19":{"start":{"line":20,"column":0},"end":{"line":20,"column":43}},"20":{"start":{"line":21,"column":0},"end":{"line":21,"column":24}},"21":{"start":{"line":22,"column":0},"end":{"line":22,"column":8}},"23":{"start":{"line":24,"column":0},"end":{"line":24,"column":13}},"24":{"start":{"line":25,"column":0},"end":{"line":25,"column":29}},"25":{"start":{"line":26,"column":0},"end":{"line":26,"column":22}},"26":{"start":{"line":27,"column":0},"end":{"line":27,"column":22}},"27":{"start":{"line":28,"column":0},"end":{"line":28,"column":50}},"29":{"start":{"line":30,"column":0},"end":{"line":30,"column":69}},"30":{"start":{"line":31,"column":0},"end":{"line":31,"column":67}},"31":{"start":{"line":32,"column":0},"end":{"line":32,"column":31}},"32":{"start":{"line":33,"column":0},"end":{"line":33,"column":19}},"33":{"start":{"line":34,"column":0},"end":{"line":34,"column":28}},"34":{"start":{"line":35,"column":0},"end":{"line":35,"column":25}},"35":{"start":{"line":36,"column":0},"end":{"line":36,"column":36}},"36":{"start":{"line":37,"column":0},"end":{"line":37,"column":58}},"38":{"start":{"line":39,"column":0},"end":{"line":39,"column":69}},"39":{"start":{"line":40,"column":0},"end":{"line":40,"column":30}},"40":{"start":{"line":41,"column":0},"end":{"line":41,"column":28}},"41":{"start":{"line":42,"column":0},"end":{"line":42,"column":25}},"42":{"start":{"line":43,"column":0},"end":{"line":43,"column":29}},"43":{"start":{"line":44,"column":0},"end":{"line":44,"column":60}},"45":{"start":{"line":46,"column":0},"end":{"line":46,"column":70}},"46":{"start":{"line":47,"column":0},"end":{"line":47,"column":30}},"47":{"start":{"line":48,"column":0},"end":{"line":48,"column":14}},"48":{"start":{"line":49,"column":0},"end":{"line":49,"column":17}},"49":{"start":{"line":50,"column":0},"end":{"line":50,"column":18}},"50":{"start":{"line":51,"column":0},"end":{"line":51,"column":17}},"51":{"start":{"line":52,"column":0},"end":{"line":52,"column":31}},"52":{"start":{"line":53,"column":0},"end":{"line":53,"column":21}},"53":{"start":{"line":54,"column":0},"end":{"line":54,"column":21}},"54":{"start":{"line":55,"column":0},"end":{"line":55,"column":33}},"55":{"start":{"line":56,"column":0},"end":{"line":56,"column":10}},"56":{"start":{"line":57,"column":0},"end":{"line":57,"column":12}},"57":{"start":{"line":58,"column":0},"end":{"line":58,"column":12}},"59":{"start":{"line":60,"column":0},"end":{"line":60,"column":2}},"61":{"start":{"line":62,"column":0},"end":{"line":62,"column":39}}},"s":{"0":1,"1":1,"2":1,"7":1,"9":1,"10":3,"12":3,"13":0,"14":0,"16":3,"17":3,"18":3,"19":3,"20":3,"21":3,"23":3,"24":3,"25":3,"26":3,"27":3,"29":3,"30":3,"31":3,"32":3,"33":3,"34":3,"35":3,"36":3,"38":3,"39":3,"40":3,"41":3,"42":3,"43":3,"45":3,"46":3,"47":3,"48":3,"49":3,"50":3,"51":3,"52":3,"53":3,"54":3,"55":3,"56":3,"57":3,"59":3,"61":1},"branchMap":{"0":{"type":"branch","line":10,"loc":{"start":{"line":10,"column":32},"end":{"line":60,"column":2}},"locations":[{"start":{"line":10,"column":32},"end":{"line":60,"column":2}}]}},"b":{"0":[3]},"fnMap":{"0":{"name":"ArticlesDetailsSkeleton","decl":{"start":{"line":10,"column":32},"end":{"line":60,"column":2}},"loc":{"start":{"line":10,"column":32},"end":{"line":60,"column":2}},"line":10},"1":{"name":"handleBackAction","decl":{"start":{"line":13,"column":27},"end":{"line":15,"column":4}},"loc":{"start":{"line":13,"column":27},"end":{"line":15,"column":4}},"line":13}},"f":{"0":3,"1":0}}
,"C:\\Users\\arundsa\\ReactApps\\MyArticlesApp\\src\\components\\ArticlesCard\\index.tsx": {"path":"C:\\Users\\arundsa\\ReactApps\\MyArticlesApp\\src\\components\\ArticlesCard\\index.tsx","all":false,"statementMap":{"0":{"start":{"line":1,"column":0},"end":{"line":1,"column":75}},"2":{"start":{"line":3,"column":0},"end":{"line":3,"column":80}},"3":{"start":{"line":4,"column":0},"end":{"line":4,"column":47}},"4":{"start":{"line":5,"column":0},"end":{"line":5,"column":54}},"5":{"start":{"line":6,"column":0},"end":{"line":6,"column":50}},"6":{"start":{"line":7,"column":0},"end":{"line":7,"column":53}},"8":{"start":{"line":9,"column":0},"end":{"line":9,"column":77}},"9":{"start":{"line":10,"column":0},"end":{"line":10,"column":33}},"11":{"start":{"line":12,"column":0},"end":{"line":12,"column":32}},"12":{"start":{"line":13,"column":0},"end":{"line":13,"column":59}},"13":{"start":{"line":14,"column":0},"end":{"line":14,"column":4}},"15":{"start":{"line":16,"column":0},"end":{"line":16,"column":10}},"16":{"start":{"line":17,"column":0},"end":{"line":17,"column":9}},"17":{"start":{"line":18,"column":0},"end":{"line":18,"column":11}},"18":{"start":{"line":19,"column":0},"end":{"line":19,"column":22}},"19":{"start":{"line":20,"column":0},"end":{"line":20,"column":23}},"20":{"start":{"line":21,"column":0},"end":{"line":21,"column":24}},"21":{"start":{"line":22,"column":0},"end":{"line":22,"column":32}},"22":{"start":{"line":23,"column":0},"end":{"line":23,"column":8}},"24":{"start":{"line":25,"column":0},"end":{"line":25,"column":36}},"25":{"start":{"line":26,"column":0},"end":{"line":26,"column":22}},"26":{"start":{"line":27,"column":0},"end":{"line":27,"column":22}},"27":{"start":{"line":28,"column":0},"end":{"line":28,"column":22}},"28":{"start":{"line":29,"column":0},"end":{"line":29,"column":53}},"30":{"start":{"line":31,"column":0},"end":{"line":31,"column":25}},"31":{"start":{"line":32,"column":0},"end":{"line":32,"column":24}},"32":{"start":{"line":33,"column":0},"end":{"line":33,"column":21}},"33":{"start":{"line":34,"column":0},"end":{"line":34,"column":25}},"34":{"start":{"line":35,"column":0},"end":{"line":35,"column":32}},"35":{"start":{"line":36,"column":0},"end":{"line":36,"column":55}},"37":{"start":{"line":38,"column":0},"end":{"line":38,"column":27}},"38":{"start":{"line":39,"column":0},"end":{"line":39,"column":23}},"39":{"start":{"line":40,"column":0},"end":{"line":40,"column":20}},"40":{"start":{"line":41,"column":0},"end":{"line":41,"column":17}},"41":{"start":{"line":42,"column":0},"end":{"line":42,"column":55}},"42":{"start":{"line":43,"column":0},"end":{"line":43,"column":15}},"43":{"start":{"line":44,"column":0},"end":{"line":44,"column":23}},"44":{"start":{"line":45,"column":0},"end":{"line":45,"column":206}},"45":{"start":{"line":46,"column":0},"end":{"line":46,"column":22}},"46":{"start":{"line":47,"column":0},"end":{"line":47,"column":28}},"47":{"start":{"line":48,"column":0},"end":{"line":48,"column":35}},"48":{"start":{"line":49,"column":0},"end":{"line":49,"column":40}},"49":{"start":{"line":50,"column":0},"end":{"line":50,"column":53}},"50":{"start":{"line":51,"column":0},"end":{"line":51,"column":9}},"52":{"start":{"line":53,"column":0},"end":{"line":53,"column":17}},"53":{"start":{"line":54,"column":0},"end":{"line":54,"column":15}},"54":{"start":{"line":55,"column":0},"end":{"line":55,"column":34}},"55":{"start":{"line":56,"column":0},"end":{"line":56,"column":22}},"56":{"start":{"line":57,"column":0},"end":{"line":57,"column":29}},"57":{"start":{"line":58,"column":0},"end":{"line":58,"column":37}},"58":{"start":{"line":59,"column":0},"end":{"line":59,"column":40}},"59":{"start":{"line":60,"column":0},"end":{"line":60,"column":57}},"60":{"start":{"line":61,"column":0},"end":{"line":61,"column":9}},"62":{"start":{"line":63,"column":0},"end":{"line":63,"column":17}},"63":{"start":{"line":64,"column":0},"end":{"line":64,"column":20}},"64":{"start":{"line":65,"column":0},"end":{"line":65,"column":11}},"66":{"start":{"line":67,"column":0},"end":{"line":67,"column":2}},"68":{"start":{"line":69,"column":0},"end":{"line":69,"column":28}}},"s":{"0":1,"2":1,"3":1,"4":1,"5":1,"6":1,"8":1,"9":4,"11":4,"12":1,"13":1,"15":4,"16":4,"17":4,"18":4,"19":4,"20":4,"21":4,"22":4,"24":4,"25":4,"26":4,"27":4,"28":4,"30":4,"31":4,"32":4,"33":4,"34":4,"35":4,"37":4,"38":4,"39":4,"40":4,"41":4,"42":4,"43":4,"44":4,"45":4,"46":4,"47":4,"48":4,"49":4,"50":4,"52":4,"53":4,"54":4,"55":4,"56":4,"57":4,"58":4,"59":4,"60":4,"62":4,"63":4,"64":4,"66":4,"68":1},"branchMap":{"0":{"type":"branch","line":9,"loc":{"start":{"line":9,"column":21},"end":{"line":67,"column":2}},"locations":[{"start":{"line":9,"column":21},"end":{"line":67,"column":2}}]},"1":{"type":"branch","line":12,"loc":{"start":{"line":12,"column":25},"end":{"line":14,"column":4}},"locations":[{"start":{"line":12,"column":25},"end":{"line":14,"column":4}}]}},"b":{"0":[4],"1":[1]},"fnMap":{"0":{"name":"ArticlesCard","decl":{"start":{"line":9,"column":21},"end":{"line":67,"column":2}},"loc":{"start":{"line":9,"column":21},"end":{"line":67,"column":2}},"line":9},"1":{"name":"handleViewMore","decl":{"start":{"line":12,"column":25},"end":{"line":14,"column":4}},"loc":{"start":{"line":12,"column":25},"end":{"line":14,"column":4}},"line":12}},"f":{"0":4,"1":1}}
,"C:\\Users\\arundsa\\ReactApps\\MyArticlesApp\\src\\components\\ArticlesSkeleton\\index.tsx": {"path":"C:\\Users\\arundsa\\ReactApps\\MyArticlesApp\\src\\components\\ArticlesSkeleton\\index.tsx","all":false,"statementMap":{"0":{"start":{"line":1,"column":0},"end":{"line":1,"column":8}},"6":{"start":{"line":7,"column":0},"end":{"line":7,"column":23}},"8":{"start":{"line":9,"column":0},"end":{"line":9,"column":75}},"10":{"start":{"line":11,"column":0},"end":{"line":11,"column":63}},"11":{"start":{"line":12,"column":0},"end":{"line":12,"column":10}},"12":{"start":{"line":13,"column":0},"end":{"line":13,"column":9}},"13":{"start":{"line":14,"column":0},"end":{"line":14,"column":11}},"14":{"start":{"line":15,"column":0},"end":{"line":15,"column":22}},"15":{"start":{"line":16,"column":0},"end":{"line":16,"column":23}},"16":{"start":{"line":17,"column":0},"end":{"line":17,"column":24}},"17":{"start":{"line":18,"column":0},"end":{"line":18,"column":32}},"18":{"start":{"line":19,"column":0},"end":{"line":19,"column":8}},"20":{"start":{"line":21,"column":0},"end":{"line":21,"column":36}},"21":{"start":{"line":22,"column":0},"end":{"line":22,"column":22}},"22":{"start":{"line":23,"column":0},"end":{"line":23,"column":22}},"23":{"start":{"line":24,"column":0},"end":{"line":24,"column":22}},"24":{"start":{"line":25,"column":0},"end":{"line":25,"column":53}},"26":{"start":{"line":27,"column":0},"end":{"line":27,"column":47}},"27":{"start":{"line":28,"column":0},"end":{"line":28,"column":24}},"28":{"start":{"line":29,"column":0},"end":{"line":29,"column":21}},"29":{"start":{"line":30,"column":0},"end":{"line":30,"column":25}},"30":{"start":{"line":31,"column":0},"end":{"line":31,"column":32}},"31":{"start":{"line":32,"column":0},"end":{"line":32,"column":55}},"33":{"start":{"line":34,"column":0},"end":{"line":34,"column":47}},"34":{"start":{"line":35,"column":0},"end":{"line":35,"column":23}},"35":{"start":{"line":36,"column":0},"end":{"line":36,"column":20}},"36":{"start":{"line":37,"column":0},"end":{"line":37,"column":17}},"37":{"start":{"line":38,"column":0},"end":{"line":38,"column":55}},"38":{"start":{"line":39,"column":0},"end":{"line":39,"column":17}},"39":{"start":{"line":40,"column":0},"end":{"line":40,"column":21}},"40":{"start":{"line":41,"column":0},"end":{"line":41,"column":21}},"41":{"start":{"line":42,"column":0},"end":{"line":42,"column":53}},"42":{"start":{"line":43,"column":0},"end":{"line":43,"column":10}},"43":{"start":{"line":44,"column":0},"end":{"line":44,"column":17}},"44":{"start":{"line":45,"column":0},"end":{"line":45,"column":21}},"45":{"start":{"line":46,"column":0},"end":{"line":46,"column":21}},"46":{"start":{"line":47,"column":0},"end":{"line":47,"column":57}},"47":{"start":{"line":48,"column":0},"end":{"line":48,"column":10}},"48":{"start":{"line":49,"column":0},"end":{"line":49,"column":20}},"49":{"start":{"line":50,"column":0},"end":{"line":50,"column":11}},"51":{"start":{"line":52,"column":0},"end":{"line":52,"column":2}},"53":{"start":{"line":54,"column":0},"end":{"line":54,"column":32}}},"s":{"0":1,"6":1,"8":1,"10":1,"11":21,"12":21,"13":21,"14":21,"15":21,"16":21,"17":21,"18":21,"20":21,"21":21,"22":21,"23":21,"24":21,"26":21,"27":21,"28":21,"29":21,"30":21,"31":21,"33":21,"34":21,"35":21,"36":21,"37":21,"38":21,"39":21,"40":21,"41":21,"42":21,"43":21,"44":21,"45":21,"46":21,"47":21,"48":21,"49":21,"51":21,"53":1},"branchMap":{"0":{"type":"branch","line":11,"loc":{"start":{"line":11,"column":25},"end":{"line":52,"column":2}},"locations":[{"start":{"line":11,"column":25},"end":{"line":52,"column":2}}]}},"b":{"0":[21]},"fnMap":{"0":{"name":"ArticlesSkeleton","decl":{"start":{"line":11,"column":25},"end":{"line":52,"column":2}},"loc":{"start":{"line":11,"column":25},"end":{"line":52,"column":2}},"line":11}},"f":{"0":21}}
,"C:\\Users\\arundsa\\ReactApps\\MyArticlesApp\\src\\components\\Header\\index.tsx": {"path":"C:\\Users\\arundsa\\ReactApps\\MyArticlesApp\\src\\components\\Header\\index.tsx","all":false,"statementMap":{"0":{"start":{"line":1,"column":0},"end":{"line":1,"column":26}},"1":{"start":{"line":2,"column":0},"end":{"line":2,"column":42}},"2":{"start":{"line":3,"column":0},"end":{"line":3,"column":44}},"3":{"start":{"line":4,"column":0},"end":{"line":4,"column":48}},"4":{"start":{"line":5,"column":0},"end":{"line":5,"column":58}},"6":{"start":{"line":7,"column":0},"end":{"line":7,"column":61}},"8":{"start":{"line":9,"column":0},"end":{"line":9,"column":32}},"9":{"start":{"line":10,"column":0},"end":{"line":10,"column":10}},"10":{"start":{"line":11,"column":0},"end":{"line":11,"column":30}},"11":{"start":{"line":12,"column":0},"end":{"line":12,"column":31}},"12":{"start":{"line":13,"column":0},"end":{"line":13,"column":32}},"13":{"start":{"line":14,"column":0},"end":{"line":14,"column":70}},"14":{"start":{"line":15,"column":0},"end":{"line":15,"column":66}},"16":{"start":{"line":17,"column":0},"end":{"line":17,"column":26}},"17":{"start":{"line":18,"column":0},"end":{"line":18,"column":18}},"18":{"start":{"line":19,"column":0},"end":{"line":19,"column":18}},"19":{"start":{"line":20,"column":0},"end":{"line":20,"column":13}},"21":{"start":{"line":22,"column":0},"end":{"line":22,"column":2}},"23":{"start":{"line":24,"column":0},"end":{"line":24,"column":22}}},"s":{"0":1,"1":1,"2":1,"3":1,"4":1,"6":1,"8":1,"9":1,"10":1,"11":1,"12":1,"13":1,"14":1,"16":1,"17":1,"18":1,"19":1,"21":1,"23":1},"branchMap":{"0":{"type":"branch","line":9,"loc":{"start":{"line":9,"column":25},"end":{"line":22,"column":2}},"locations":[{"start":{"line":9,"column":25},"end":{"line":22,"column":2}}]}},"b":{"0":[1]},"fnMap":{"0":{"name":"Header","decl":{"start":{"line":9,"column":25},"end":{"line":22,"column":2}},"loc":{"start":{"line":9,"column":25},"end":{"line":22,"column":2}},"line":9}},"f":{"0":1}}
,"C:\\Users\\arundsa\\ReactApps\\MyArticlesApp\\src\\components\\Loader\\index.tsx": {"path":"C:\\Users\\arundsa\\ReactApps\\MyArticlesApp\\src\\components\\Loader\\index.tsx","all":false,"statementMap":{"0":{"start":{"line":1,"column":0},"end":{"line":1,"column":64}},"2":{"start":{"line":3,"column":0},"end":{"line":3,"column":22}},"3":{"start":{"line":4,"column":0},"end":{"line":4,"column":10}},"4":{"start":{"line":5,"column":0},"end":{"line":5,"column":13}},"5":{"start":{"line":6,"column":0},"end":{"line":6,"column":72}},"6":{"start":{"line":7,"column":0},"end":{"line":7,"column":17}},"7":{"start":{"line":8,"column":0},"end":{"line":8,"column":26}},"9":{"start":{"line":10,"column":0},"end":{"line":10,"column":10}},"10":{"start":{"line":11,"column":0},"end":{"line":11,"column":79}},"12":{"start":{"line":13,"column":0},"end":{"line":13,"column":76}},"13":{"start":{"line":14,"column":0},"end":{"line":14,"column":33}},"14":{"start":{"line":15,"column":0},"end":{"line":15,"column":12}},"15":{"start":{"line":16,"column":0},"end":{"line":16,"column":15}},"17":{"start":{"line":18,"column":0},"end":{"line":18,"column":2}},"19":{"start":{"line":20,"column":0},"end":{"line":20,"column":22}}},"s":{"0":1,"2":1,"3":1,"4":1,"5":1,"6":1,"7":1,"9":1,"10":1,"12":1,"13":1,"14":1,"15":1,"17":1,"19":1},"branchMap":{"0":{"type":"branch","line":3,"loc":{"start":{"line":3,"column":15},"end":{"line":18,"column":2}},"locations":[{"start":{"line":3,"column":15},"end":{"line":18,"column":2}}]},"1":{"type":"branch","line":6,"loc":{"start":{"line":6,"column":35},"end":{"line":6,"column":70}},"locations":[{"start":{"line":6,"column":35},"end":{"line":6,"column":70}}]}},"b":{"0":[1],"1":[2]},"fnMap":{"0":{"name":"Loader","decl":{"start":{"line":3,"column":15},"end":{"line":18,"column":2}},"loc":{"start":{"line":3,"column":15},"end":{"line":18,"column":2}},"line":3},"1":{"name":"zIndex","decl":{"start":{"line":6,"column":35},"end":{"line":6,"column":70}},"loc":{"start":{"line":6,"column":35},"end":{"line":6,"column":70}},"line":6}},"f":{"0":1,"1":2}}
,"C:\\Users\\arundsa\\ReactApps\\MyArticlesApp\\src\\components\\StyledComponents\\index.tsx": {"path":"C:\\Users\\arundsa\\ReactApps\\MyArticlesApp\\src\\components\\StyledComponents\\index.tsx","all":false,"statementMap":{"0":{"start":{"line":1,"column":0},"end":{"line":1,"column":43}},"1":{"start":{"line":2,"column":0},"end":{"line":2,"column":46}},"3":{"start":{"line":4,"column":0},"end":{"line":4,"column":49}},"4":{"start":{"line":5,"column":0},"end":{"line":5,"column":18}},"5":{"start":{"line":6,"column":0},"end":{"line":6,"column":18}},"6":{"start":{"line":7,"column":0},"end":{"line":7,"column":22}},"7":{"start":{"line":8,"column":0},"end":{"line":8,"column":22}},"8":{"start":{"line":9,"column":0},"end":{"line":9,"column":3}},"10":{"start":{"line":11,"column":0},"end":{"line":11,"column":49}},"11":{"start":{"line":12,"column":0},"end":{"line":12,"column":18}},"12":{"start":{"line":13,"column":0},"end":{"line":13,"column":19}},"13":{"start":{"line":14,"column":0},"end":{"line":14,"column":25}},"14":{"start":{"line":15,"column":0},"end":{"line":15,"column":28}},"15":{"start":{"line":16,"column":0},"end":{"line":16,"column":35}},"16":{"start":{"line":17,"column":0},"end":{"line":17,"column":21}},"17":{"start":{"line":18,"column":0},"end":{"line":18,"column":3}},"19":{"start":{"line":20,"column":0},"end":{"line":20,"column":48}},"20":{"start":{"line":21,"column":0},"end":{"line":21,"column":23}},"21":{"start":{"line":22,"column":0},"end":{"line":22,"column":25}},"22":{"start":{"line":23,"column":0},"end":{"line":23,"column":28}},"23":{"start":{"line":24,"column":0},"end":{"line":24,"column":35}},"24":{"start":{"line":25,"column":0},"end":{"line":25,"column":21}},"25":{"start":{"line":26,"column":0},"end":{"line":26,"column":3}},"27":{"start":{"line":28,"column":0},"end":{"line":28,"column":56}},"28":{"start":{"line":29,"column":0},"end":{"line":29,"column":18}},"29":{"start":{"line":30,"column":0},"end":{"line":30,"column":19}},"30":{"start":{"line":31,"column":0},"end":{"line":31,"column":18}},"31":{"start":{"line":32,"column":0},"end":{"line":32,"column":23}},"32":{"start":{"line":33,"column":0},"end":{"line":33,"column":34}},"33":{"start":{"line":34,"column":0},"end":{"line":34,"column":27}},"34":{"start":{"line":35,"column":0},"end":{"line":35,"column":14}},"35":{"start":{"line":36,"column":0},"end":{"line":36,"column":3}},"37":{"start":{"line":38,"column":0},"end":{"line":38,"column":55}},"38":{"start":{"line":39,"column":0},"end":{"line":39,"column":23}},"39":{"start":{"line":40,"column":0},"end":{"line":40,"column":3}}},"s":{"0":1,"1":1,"3":1,"4":1,"5":1,"6":1,"7":1,"8":1,"10":1,"11":1,"12":1,"13":1,"14":1,"15":1,"16":1,"17":1,"19":1,"20":1,"21":1,"22":1,"23":1,"24":1,"25":1,"27":1,"28":1,"29":1,"30":1,"31":1,"32":1,"33":1,"34":1,"35":1,"37":1,"38":1,"39":1},"branchMap":{},"b":{},"fnMap":{},"f":{}}
,"C:\\Users\\arundsa\\ReactApps\\MyArticlesApp\\src\\config\\RouteConfig.tsx": {"path":"C:\\Users\\arundsa\\ReactApps\\MyArticlesApp\\src\\config\\RouteConfig.tsx","all":true,"statementMap":{"0":{"start":{"line":1,"column":0},"end":{"line":1,"column":55}},"2":{"start":{"line":3,"column":0},"end":{"line":3,"column":41}},"3":{"start":{"line":4,"column":0},"end":{"line":4,"column":43}},"4":{"start":{"line":5,"column":0},"end":{"line":5,"column":47}},"5":{"start":{"line":6,"column":0},"end":{"line":6,"column":51}},"6":{"start":{"line":7,"column":0},"end":{"line":7,"column":40}},"7":{"start":{"line":8,"column":0},"end":{"line":8,"column":47}},"9":{"start":{"line":10,"column":0},"end":{"line":10,"column":71}},"11":{"start":{"line":12,"column":0},"end":{"line":12,"column":36}},"12":{"start":{"line":13,"column":0},"end":{"line":13,"column":3}},"13":{"start":{"line":14,"column":0},"end":{"line":14,"column":32}},"14":{"start":{"line":15,"column":0},"end":{"line":15,"column":28}},"15":{"start":{"line":16,"column":0},"end":{"line":16,"column":32}},"16":{"start":{"line":17,"column":0},"end":{"line":17,"column":29}},"17":{"start":{"line":18,"column":0},"end":{"line":18,"column":15}},"18":{"start":{"line":19,"column":0},"end":{"line":19,"column":7}},"19":{"start":{"line":20,"column":0},"end":{"line":20,"column":20}},"20":{"start":{"line":21,"column":0},"end":{"line":21,"column":34}},"21":{"start":{"line":22,"column":0},"end":{"line":22,"column":36}},"22":{"start":{"line":23,"column":0},"end":{"line":23,"column":8}},"23":{"start":{"line":24,"column":0},"end":{"line":24,"column":7}},"24":{"start":{"line":25,"column":0},"end":{"line":25,"column":40}},"25":{"start":{"line":26,"column":0},"end":{"line":26,"column":34}},"26":{"start":{"line":27,"column":0},"end":{"line":27,"column":36}},"27":{"start":{"line":28,"column":0},"end":{"line":28,"column":19}},"28":{"start":{"line":29,"column":0},"end":{"line":29,"column":11}},"29":{"start":{"line":30,"column":0},"end":{"line":30,"column":51}},"30":{"start":{"line":31,"column":0},"end":{"line":31,"column":40}},"31":{"start":{"line":32,"column":0},"end":{"line":32,"column":40}},"32":{"start":{"line":33,"column":0},"end":{"line":33,"column":12}},"33":{"start":{"line":34,"column":0},"end":{"line":34,"column":11}},"34":{"start":{"line":35,"column":0},"end":{"line":35,"column":22}},"35":{"start":{"line":36,"column":0},"end":{"line":36,"column":69}},"36":{"start":{"line":37,"column":0},"end":{"line":37,"column":12}},"37":{"start":{"line":38,"column":0},"end":{"line":38,"column":10}},"38":{"start":{"line":39,"column":0},"end":{"line":39,"column":8}},"39":{"start":{"line":40,"column":0},"end":{"line":40,"column":7}},"40":{"start":{"line":41,"column":0},"end":{"line":41,"column":18}},"41":{"start":{"line":42,"column":0},"end":{"line":42,"column":65}},"42":{"start":{"line":43,"column":0},"end":{"line":43,"column":8}},"43":{"start":{"line":44,"column":0},"end":{"line":44,"column":6}},"44":{"start":{"line":45,"column":0},"end":{"line":45,"column":4}},"45":{"start":{"line":46,"column":0},"end":{"line":46,"column":3}}},"s":{"0":0,"2":0,"3":0,"4":0,"5":0,"6":0,"7":0,"9":0,"11":0,"12":0,"13":0,"14":0,"15":0,"16":0,"17":0,"18":0,"19":0,"20":0,"21":0,"22":0,"23":0,"24":0,"25":0,"26":0,"27":0,"28":0,"29":0,"30":0,"31":0,"32":0,"33":0,"34":0,"35":0,"36":0,"37":0,"38":0,"39":0,"40":0,"41":0,"42":0,"43":0,"44":0,"45":0},"branchMap":{"0":{"type":"branch","line":1,"loc":{"start":{"line":1,"column":0},"end":{"line":48,"column":-794}},"locations":[{"start":{"line":1,"column":0},"end":{"line":48,"column":-794}}]}},"b":{"0":[0]},"fnMap":{"0":{"name":"(empty-report)","decl":{"start":{"line":1,"column":0},"end":{"line":48,"column":-794}},"loc":{"start":{"line":1,"column":0},"end":{"line":48,"column":-794}},"line":1}},"f":{"0":0}}
,"C:\\Users\\arundsa\\ReactApps\\MyArticlesApp\\src\\config\\constants.ts": {"path":"C:\\Users\\arundsa\\ReactApps\\MyArticlesApp\\src\\config\\constants.ts","all":false,"statementMap":{"0":{"start":{"line":1,"column":0},"end":{"line":1,"column":60}},"1":{"start":{"line":2,"column":0},"end":{"line":2,"column":12}},"2":{"start":{"line":3,"column":0},"end":{"line":3,"column":24}},"3":{"start":{"line":4,"column":0},"end":{"line":4,"column":35}},"4":{"start":{"line":5,"column":0},"end":{"line":5,"column":2}}},"s":{"0":1,"1":1,"2":1,"3":1,"4":1},"branchMap":{},"b":{},"fnMap":{},"f":{}}
,"C:\\Users\\arundsa\\ReactApps\\MyArticlesApp\\src\\config\\endpoints.ts": {"path":"C:\\Users\\arundsa\\ReactApps\\MyArticlesApp\\src\\config\\endpoints.ts","all":false,"statementMap":{"0":{"start":{"line":1,"column":0},"end":{"line":1,"column":59}}},"s":{"0":1},"branchMap":{},"b":{},"fnMap":{},"f":{}}
,"C:\\Users\\arundsa\\ReactApps\\MyArticlesApp\\src\\config\\index.ts": {"path":"C:\\Users\\arundsa\\ReactApps\\MyArticlesApp\\src\\config\\index.ts","all":false,"statementMap":{"0":{"start":{"line":1,"column":0},"end":{"line":1,"column":34}},"2":{"start":{"line":3,"column":0},"end":{"line":3,"column":44}}},"s":{"0":1,"2":1},"branchMap":{},"b":{},"fnMap":{},"f":{}}
,"C:\\Users\\arundsa\\ReactApps\\MyArticlesApp\\src\\pages\\ArticleDetails\\index.tsx": {"path":"C:\\Users\\arundsa\\ReactApps\\MyArticlesApp\\src\\pages\\ArticleDetails\\index.tsx","all":false,"statementMap":{"0":{"start":{"line":1,"column":0},"end":{"line":1,"column":55}},"1":{"start":{"line":2,"column":0},"end":{"line":2,"column":63}},"2":{"start":{"line":3,"column":0},"end":{"line":3,"column":58}},"3":{"start":{"line":4,"column":0},"end":{"line":4,"column":51}},"5":{"start":{"line":6,"column":0},"end":{"line":6,"column":65}},"6":{"start":{"line":7,"column":0},"end":{"line":7,"column":73}},"8":{"start":{"line":9,"column":0},"end":{"line":9,"column":30}},"9":{"start":{"line":10,"column":0},"end":{"line":10,"column":34}},"10":{"start":{"line":11,"column":0},"end":{"line":11,"column":24}},"12":{"start":{"line":13,"column":0},"end":{"line":13,"column":12}},"13":{"start":{"line":14,"column":0},"end":{"line":14,"column":11}},"14":{"start":{"line":15,"column":0},"end":{"line":15,"column":3}},"16":{"start":{"line":17,"column":0},"end":{"line":17,"column":33}},"17":{"start":{"line":18,"column":0},"end":{"line":18,"column":9}},"18":{"start":{"line":19,"column":0},"end":{"line":19,"column":9}},"19":{"start":{"line":20,"column":0},"end":{"line":20,"column":14}},"20":{"start":{"line":21,"column":0},"end":{"line":21,"column":12}},"21":{"start":{"line":22,"column":0},"end":{"line":22,"column":10}},"22":{"start":{"line":23,"column":0},"end":{"line":23,"column":53}},"23":{"start":{"line":24,"column":0},"end":{"line":24,"column":34}},"25":{"start":{"line":26,"column":0},"end":{"line":26,"column":35}},"26":{"start":{"line":27,"column":0},"end":{"line":27,"column":18}},"27":{"start":{"line":28,"column":0},"end":{"line":28,"column":4}},"29":{"start":{"line":30,"column":0},"end":{"line":30,"column":38}},"30":{"start":{"line":31,"column":0},"end":{"line":31,"column":20}},"31":{"start":{"line":32,"column":0},"end":{"line":32,"column":41}},"32":{"start":{"line":33,"column":0},"end":{"line":33,"column":5}},"34":{"start":{"line":35,"column":0},"end":{"line":35,"column":18}},"35":{"start":{"line":36,"column":0},"end":{"line":36,"column":14}},"36":{"start":{"line":37,"column":0},"end":{"line":37,"column":56}},"37":{"start":{"line":38,"column":0},"end":{"line":38,"column":26}},"38":{"start":{"line":39,"column":0},"end":{"line":39,"column":21}},"40":{"start":{"line":41,"column":0},"end":{"line":41,"column":5}},"42":{"start":{"line":43,"column":0},"end":{"line":43,"column":67}},"43":{"start":{"line":44,"column":0},"end":{"line":44,"column":4}},"45":{"start":{"line":46,"column":0},"end":{"line":46,"column":10}},"46":{"start":{"line":47,"column":0},"end":{"line":47,"column":67}},"47":{"start":{"line":48,"column":0},"end":{"line":48,"column":30}},"48":{"start":{"line":49,"column":0},"end":{"line":49,"column":13}},"50":{"start":{"line":51,"column":0},"end":{"line":51,"column":2}},"52":{"start":{"line":53,"column":0},"end":{"line":53,"column":30}}},"s":{"0":1,"1":1,"2":1,"3":1,"5":1,"6":1,"8":1,"9":4,"10":4,"12":4,"13":0,"14":0,"16":4,"17":4,"18":4,"19":4,"20":4,"21":4,"22":4,"23":4,"25":4,"26":0,"27":0,"29":4,"30":4,"31":2,"32":2,"34":4,"35":1,"36":1,"37":1,"38":1,"40":1,"42":1,"43":4,"45":4,"46":4,"47":4,"48":4,"50":4,"52":1},"branchMap":{"0":{"type":"branch","line":9,"loc":{"start":{"line":9,"column":23},"end":{"line":51,"column":2}},"locations":[{"start":{"line":9,"column":23},"end":{"line":51,"column":2}}]},"1":{"type":"branch","line":13,"loc":{"start":{"line":13,"column":11},"end":{"line":15,"column":3}},"locations":[{"start":{"line":13,"column":11},"end":{"line":15,"column":3}}]},"2":{"type":"branch","line":30,"loc":{"start":{"line":30,"column":31},"end":{"line":44,"column":4}},"locations":[{"start":{"line":30,"column":31},"end":{"line":44,"column":4}}]},"3":{"type":"branch","line":31,"loc":{"start":{"line":31,"column":19},"end":{"line":35,"column":17}},"locations":[{"start":{"line":31,"column":19},"end":{"line":35,"column":17}}]},"4":{"type":"branch","line":35,"loc":{"start":{"line":35,"column":17},"end":{"line":43,"column":67}},"locations":[{"start":{"line":35,"column":17},"end":{"line":43,"column":67}}]}},"b":{"0":[4],"1":[0],"2":[4],"3":[2],"4":[1]},"fnMap":{"0":{"name":"ArticleDetails","decl":{"start":{"line":9,"column":23},"end":{"line":51,"column":2}},"loc":{"start":{"line":9,"column":23},"end":{"line":51,"column":2}},"line":9},"1":{"name":"handleDrawerClose","decl":{"start":{"line":26,"column":28},"end":{"line":28,"column":4}},"loc":{"start":{"line":26,"column":28},"end":{"line":28,"column":4}},"line":26},"2":{"name":"renderArticleDetails","decl":{"start":{"line":30,"column":31},"end":{"line":44,"column":4}},"loc":{"start":{"line":30,"column":31},"end":{"line":44,"column":4}},"line":30}},"f":{"0":4,"1":0,"2":4}}
,"C:\\Users\\arundsa\\ReactApps\\MyArticlesApp\\src\\pages\\ArticlesList\\index.tsx": {"path":"C:\\Users\\arundsa\\ReactApps\\MyArticlesApp\\src\\pages\\ArticlesList\\index.tsx","all":false,"statementMap":{"0":{"start":{"line":1,"column":0},"end":{"line":1,"column":53}},"1":{"start":{"line":2,"column":0},"end":{"line":2,"column":48}},"4":{"start":{"line":5,"column":0},"end":{"line":5,"column":41}},"5":{"start":{"line":6,"column":0},"end":{"line":6,"column":52}},"7":{"start":{"line":8,"column":0},"end":{"line":8,"column":57}},"8":{"start":{"line":9,"column":0},"end":{"line":9,"column":60}},"10":{"start":{"line":11,"column":0},"end":{"line":11,"column":28}},"11":{"start":{"line":12,"column":0},"end":{"line":12,"column":29}},"12":{"start":{"line":13,"column":0},"end":{"line":13,"column":9}},"13":{"start":{"line":14,"column":0},"end":{"line":14,"column":9}},"14":{"start":{"line":15,"column":0},"end":{"line":15,"column":14}},"15":{"start":{"line":16,"column":0},"end":{"line":16,"column":12}},"16":{"start":{"line":17,"column":0},"end":{"line":17,"column":10}},"17":{"start":{"line":18,"column":0},"end":{"line":18,"column":78}},"19":{"start":{"line":20,"column":0},"end":{"line":20,"column":18}},"20":{"start":{"line":21,"column":0},"end":{"line":21,"column":12}},"21":{"start":{"line":22,"column":0},"end":{"line":22,"column":31}},"22":{"start":{"line":23,"column":0},"end":{"line":23,"column":36}},"23":{"start":{"line":24,"column":0},"end":{"line":24,"column":72}},"24":{"start":{"line":25,"column":0},"end":{"line":25,"column":17}},"25":{"start":{"line":26,"column":0},"end":{"line":26,"column":18}},"26":{"start":{"line":27,"column":0},"end":{"line":27,"column":22}},"27":{"start":{"line":28,"column":0},"end":{"line":28,"column":21}},"28":{"start":{"line":29,"column":0},"end":{"line":29,"column":20}},"29":{"start":{"line":30,"column":0},"end":{"line":30,"column":20}},"30":{"start":{"line":31,"column":0},"end":{"line":31,"column":51}},"32":{"start":{"line":33,"column":0},"end":{"line":33,"column":42}},"33":{"start":{"line":34,"column":0},"end":{"line":34,"column":19}},"34":{"start":{"line":35,"column":0},"end":{"line":35,"column":13}},"35":{"start":{"line":36,"column":0},"end":{"line":36,"column":15}},"36":{"start":{"line":37,"column":0},"end":{"line":37,"column":18}},"38":{"start":{"line":39,"column":0},"end":{"line":39,"column":3}},"40":{"start":{"line":41,"column":0},"end":{"line":41,"column":16}},"41":{"start":{"line":42,"column":0},"end":{"line":42,"column":47}},"42":{"start":{"line":43,"column":0},"end":{"line":43,"column":3}},"44":{"start":{"line":45,"column":0},"end":{"line":45,"column":10}},"45":{"start":{"line":46,"column":0},"end":{"line":46,"column":29}},"46":{"start":{"line":47,"column":0},"end":{"line":47,"column":34}},"47":{"start":{"line":48,"column":0},"end":{"line":48,"column":33}},"48":{"start":{"line":49,"column":0},"end":{"line":49,"column":18}},"49":{"start":{"line":50,"column":0},"end":{"line":50,"column":17}},"50":{"start":{"line":51,"column":0},"end":{"line":51,"column":18}},"51":{"start":{"line":52,"column":0},"end":{"line":52,"column":31}},"52":{"start":{"line":53,"column":0},"end":{"line":53,"column":21}},"53":{"start":{"line":54,"column":0},"end":{"line":54,"column":20}},"54":{"start":{"line":55,"column":0},"end":{"line":55,"column":20}},"55":{"start":{"line":56,"column":0},"end":{"line":56,"column":56}},"57":{"start":{"line":58,"column":0},"end":{"line":58,"column":48}},"58":{"start":{"line":59,"column":0},"end":{"line":59,"column":19}},"60":{"start":{"line":61,"column":0},"end":{"line":61,"column":11}},"61":{"start":{"line":62,"column":0},"end":{"line":62,"column":13}},"62":{"start":{"line":63,"column":0},"end":{"line":63,"column":33}},"63":{"start":{"line":64,"column":0},"end":{"line":64,"column":16}},"65":{"start":{"line":66,"column":0},"end":{"line":66,"column":2}},"67":{"start":{"line":68,"column":0},"end":{"line":68,"column":28}}},"s":{"0":1,"1":1,"4":1,"5":1,"7":1,"8":1,"10":1,"11":4,"12":4,"13":4,"14":4,"15":4,"16":4,"17":4,"19":4,"20":2,"21":2,"22":2,"23":2,"24":20,"25":20,"26":20,"27":20,"28":20,"29":20,"30":20,"32":20,"33":20,"34":2,"35":2,"36":2,"38":2,"40":4,"41":1,"42":1,"44":1,"45":1,"46":1,"47":4,"48":2,"49":2,"50":2,"51":2,"52":2,"53":2,"54":2,"55":2,"57":2,"58":2,"60":4,"61":4,"62":4,"63":4,"65":4,"67":1},"branchMap":{"0":{"type":"branch","line":11,"loc":{"start":{"line":11,"column":21},"end":{"line":66,"column":2}},"locations":[{"start":{"line":11,"column":21},"end":{"line":66,"column":2}}]},"1":{"type":"branch","line":20,"loc":{"start":{"line":20,"column":17},"end":{"line":41,"column":15}},"locations":[{"start":{"line":20,"column":17},"end":{"line":41,"column":15}}]},"2":{"type":"branch","line":41,"loc":{"start":{"line":41,"column":15},"end":{"line":48,"column":19}},"locations":[{"start":{"line":41,"column":15},"end":{"line":48,"column":19}}]},"3":{"type":"branch","line":63,"loc":{"start":{"line":63,"column":17},"end":{"line":63,"column":33}},"locations":[{"start":{"line":63,"column":17},"end":{"line":63,"column":33}}]},"4":{"type":"branch","line":24,"loc":{"start":{"line":24,"column":38},"end":{"line":24,"column":49}},"locations":[{"start":{"line":24,"column":38},"end":{"line":24,"column":49}}]},"5":{"type":"branch","line":24,"loc":{"start":{"line":24,"column":55},"end":{"line":34,"column":19}},"locations":[{"start":{"line":24,"column":55},"end":{"line":34,"column":19}}]},"6":{"type":"branch","line":48,"loc":{"start":{"line":48,"column":19},"end":{"line":61,"column":9}},"locations":[{"start":{"line":48,"column":19},"end":{"line":61,"column":9}}]}},"b":{"0":[4],"1":[2],"2":[1],"3":[0],"4":[20],"5":[20],"6":[2]},"fnMap":{"0":{"name":"ArticlesList","decl":{"start":{"line":11,"column":21},"end":{"line":66,"column":2}},"loc":{"start":{"line":11,"column":21},"end":{"line":66,"column":2}},"line":11}},"f":{"0":4}}
,"C:\\Users\\arundsa\\ReactApps\\MyArticlesApp\\src\\pages\\ErrorPage\\index.tsx": {"path":"C:\\Users\\arundsa\\ReactApps\\MyArticlesApp\\src\\pages\\ErrorPage\\index.tsx","all":false,"statementMap":{"0":{"start":{"line":1,"column":0},"end":{"line":1,"column":48}},"1":{"start":{"line":2,"column":0},"end":{"line":2,"column":49}},"5":{"start":{"line":6,"column":0},"end":{"line":6,"column":69}},"6":{"start":{"line":7,"column":0},"end":{"line":7,"column":30}},"7":{"start":{"line":8,"column":0},"end":{"line":8,"column":56}},"9":{"start":{"line":10,"column":0},"end":{"line":10,"column":10}},"10":{"start":{"line":11,"column":0},"end":{"line":11,"column":8}},"11":{"start":{"line":12,"column":0},"end":{"line":12,"column":11}},"12":{"start":{"line":13,"column":0},"end":{"line":13,"column":24}},"13":{"start":{"line":14,"column":0},"end":{"line":14,"column":32}},"14":{"start":{"line":15,"column":0},"end":{"line":15,"column":29}},"15":{"start":{"line":16,"column":0},"end":{"line":16,"column":33}},"16":{"start":{"line":17,"column":0},"end":{"line":17,"column":24}},"17":{"start":{"line":18,"column":0},"end":{"line":18,"column":8}},"18":{"start":{"line":19,"column":0},"end":{"line":19,"column":30}},"20":{"start":{"line":21,"column":0},"end":{"line":21,"column":44}},"22":{"start":{"line":23,"column":0},"end":{"line":23,"column":19}},"23":{"start":{"line":24,"column":0},"end":{"line":24,"column":34}},"24":{"start":{"line":25,"column":0},"end":{"line":25,"column":45}},"25":{"start":{"line":26,"column":0},"end":{"line":26,"column":19}},"26":{"start":{"line":27,"column":0},"end":{"line":27,"column":10}},"28":{"start":{"line":29,"column":0},"end":{"line":29,"column":2}},"30":{"start":{"line":31,"column":0},"end":{"line":31,"column":25}}},"s":{"0":1,"1":1,"5":1,"6":1,"7":1,"9":1,"10":1,"11":1,"12":1,"13":1,"14":1,"15":1,"16":1,"17":1,"18":1,"20":1,"22":1,"23":1,"24":1,"25":1,"26":1,"28":1,"30":1},"branchMap":{"0":{"type":"branch","line":6,"loc":{"start":{"line":6,"column":18},"end":{"line":29,"column":2}},"locations":[{"start":{"line":6,"column":18},"end":{"line":29,"column":2}}]},"1":{"type":"branch","line":8,"loc":{"start":{"line":8,"column":4},"end":{"line":8,"column":56}},"locations":[{"start":{"line":8,"column":4},"end":{"line":8,"column":56}}]}},"b":{"0":[1],"1":[0]},"fnMap":{"0":{"name":"ErrorPage","decl":{"start":{"line":6,"column":18},"end":{"line":29,"column":2}},"loc":{"start":{"line":6,"column":18},"end":{"line":29,"column":2}},"line":6}},"f":{"0":1}}
,"C:\\Users\\arundsa\\ReactApps\\MyArticlesApp\\src\\pages\\RootLayout\\index.tsx": {"path":"C:\\Users\\arundsa\\ReactApps\\MyArticlesApp\\src\\pages\\RootLayout\\index.tsx","all":true,"statementMap":{"0":{"start":{"line":1,"column":0},"end":{"line":1,"column":34}},"1":{"start":{"line":2,"column":0},"end":{"line":2,"column":53}},"2":{"start":{"line":3,"column":0},"end":{"line":3,"column":42}},"3":{"start":{"line":4,"column":0},"end":{"line":4,"column":36}},"4":{"start":{"line":5,"column":0},"end":{"line":5,"column":73}},"6":{"start":{"line":7,"column":0},"end":{"line":7,"column":33}},"7":{"start":{"line":8,"column":0},"end":{"line":8,"column":40}},"9":{"start":{"line":10,"column":0},"end":{"line":10,"column":38}},"11":{"start":{"line":12,"column":0},"end":{"line":12,"column":26}},"12":{"start":{"line":13,"column":0},"end":{"line":13,"column":19}},"13":{"start":{"line":14,"column":0},"end":{"line":14,"column":21}},"14":{"start":{"line":15,"column":0},"end":{"line":15,"column":13}},"15":{"start":{"line":16,"column":0},"end":{"line":16,"column":25}},"16":{"start":{"line":17,"column":0},"end":{"line":17,"column":7}},"17":{"start":{"line":18,"column":0},"end":{"line":18,"column":9}},"19":{"start":{"line":20,"column":0},"end":{"line":20,"column":10}},"20":{"start":{"line":21,"column":0},"end":{"line":21,"column":46}},"21":{"start":{"line":22,"column":0},"end":{"line":22,"column":35}},"22":{"start":{"line":23,"column":0},"end":{"line":23,"column":52}},"23":{"start":{"line":24,"column":0},"end":{"line":24,"column":20}},"24":{"start":{"line":25,"column":0},"end":{"line":25,"column":14}},"25":{"start":{"line":26,"column":0},"end":{"line":26,"column":17}},"26":{"start":{"line":27,"column":0},"end":{"line":27,"column":30}},"27":{"start":{"line":28,"column":0},"end":{"line":28,"column":22}},"28":{"start":{"line":29,"column":0},"end":{"line":29,"column":38}},"29":{"start":{"line":30,"column":0},"end":{"line":30,"column":30}},"30":{"start":{"line":31,"column":0},"end":{"line":31,"column":14}},"32":{"start":{"line":33,"column":0},"end":{"line":33,"column":22}},"33":{"start":{"line":34,"column":0},"end":{"line":34,"column":16}},"34":{"start":{"line":35,"column":0},"end":{"line":35,"column":14}},"35":{"start":{"line":36,"column":0},"end":{"line":36,"column":22}},"36":{"start":{"line":37,"column":0},"end":{"line":37,"column":26}},"38":{"start":{"line":39,"column":0},"end":{"line":39,"column":2}},"40":{"start":{"line":41,"column":0},"end":{"line":41,"column":26}}},"s":{"0":0,"1":0,"2":0,"3":0,"4":0,"6":0,"7":0,"9":0,"11":0,"12":0,"13":0,"14":0,"15":0,"16":0,"17":0,"19":0,"20":0,"21":0,"22":0,"23":0,"24":0,"25":0,"26":0,"27":0,"28":0,"29":0,"30":0,"32":0,"33":0,"34":0,"35":0,"36":0,"38":0,"40":0},"branchMap":{"0":{"type":"branch","line":1,"loc":{"start":{"line":1,"column":0},"end":{"line":41,"column":-583}},"locations":[{"start":{"line":1,"column":0},"end":{"line":41,"column":-583}}]}},"b":{"0":[0]},"fnMap":{"0":{"name":"(empty-report)","decl":{"start":{"line":1,"column":0},"end":{"line":41,"column":-583}},"loc":{"start":{"line":1,"column":0},"end":{"line":41,"column":-583}},"line":1}},"f":{"0":0}}
,"C:\\Users\\arundsa\\ReactApps\\MyArticlesApp\\src\\utils\\test_utils.tsx": {"path":"C:\\Users\\arundsa\\ReactApps\\MyArticlesApp\\src\\utils\\test_utils.tsx","all":false,"statementMap":{"0":{"start":{"line":1,"column":0},"end":{"line":1,"column":63}},"1":{"start":{"line":2,"column":0},"end":{"line":2,"column":41}},"3":{"start":{"line":4,"column":0},"end":{"line":4,"column":40}},"5":{"start":{"line":6,"column":0},"end":{"line":6,"column":43}},"8":{"start":{"line":9,"column":0},"end":{"line":9,"column":29}},"9":{"start":{"line":10,"column":0},"end":{"line":10,"column":22}},"10":{"start":{"line":11,"column":0},"end":{"line":11,"column":34}},"11":{"start":{"line":12,"column":0},"end":{"line":12,"column":17}},"12":{"start":{"line":13,"column":0},"end":{"line":13,"column":10}},"13":{"start":{"line":14,"column":0},"end":{"line":14,"column":50}},"14":{"start":{"line":15,"column":0},"end":{"line":15,"column":14}},"15":{"start":{"line":16,"column":0},"end":{"line":16,"column":33}},"16":{"start":{"line":17,"column":0},"end":{"line":17,"column":78}},"17":{"start":{"line":18,"column":0},"end":{"line":18,"column":11}},"18":{"start":{"line":19,"column":0},"end":{"line":19,"column":56}},"19":{"start":{"line":20,"column":0},"end":{"line":20,"column":15}},"20":{"start":{"line":21,"column":0},"end":{"line":21,"column":19}},"22":{"start":{"line":23,"column":0},"end":{"line":23,"column":2}},"24":{"start":{"line":25,"column":0},"end":{"line":25,"column":34}},"25":{"start":{"line":26,"column":0},"end":{"line":26,"column":10}},"26":{"start":{"line":27,"column":0},"end":{"line":27,"column":56}},"27":{"start":{"line":28,"column":0},"end":{"line":28,"column":56}},"29":{"start":{"line":30,"column":0},"end":{"line":30,"column":51}},"30":{"start":{"line":31,"column":0},"end":{"line":31,"column":9}},"31":{"start":{"line":32,"column":0},"end":{"line":32,"column":33}},"32":{"start":{"line":33,"column":0},"end":{"line":33,"column":56}},"34":{"start":{"line":35,"column":0},"end":{"line":35,"column":39}},"35":{"start":{"line":36,"column":0},"end":{"line":36,"column":22}},"36":{"start":{"line":37,"column":0},"end":{"line":37,"column":37}},"37":{"start":{"line":38,"column":0},"end":{"line":38,"column":11}},"38":{"start":{"line":39,"column":0},"end":{"line":39,"column":9}},"39":{"start":{"line":40,"column":0},"end":{"line":40,"column":54}},"40":{"start":{"line":41,"column":0},"end":{"line":41,"column":68}},"42":{"start":{"line":43,"column":0},"end":{"line":43,"column":39}},"43":{"start":{"line":44,"column":0},"end":{"line":44,"column":9}},"44":{"start":{"line":45,"column":0},"end":{"line":45,"column":63}},"45":{"start":{"line":46,"column":0},"end":{"line":46,"column":68}},"47":{"start":{"line":48,"column":0},"end":{"line":48,"column":39}},"48":{"start":{"line":49,"column":0},"end":{"line":49,"column":22}},"49":{"start":{"line":50,"column":0},"end":{"line":50,"column":37}},"50":{"start":{"line":51,"column":0},"end":{"line":51,"column":11}},"51":{"start":{"line":52,"column":0},"end":{"line":52,"column":9}},"52":{"start":{"line":53,"column":0},"end":{"line":53,"column":4}},"53":{"start":{"line":54,"column":0},"end":{"line":54,"column":2}}},"s":{"0":1,"1":1,"3":1,"5":1,"8":1,"9":10,"10":10,"11":10,"12":10,"13":10,"14":10,"15":10,"16":11,"17":10,"18":10,"19":10,"20":10,"22":10,"24":1,"25":4,"26":4,"27":1,"29":1,"30":1,"31":4,"32":1,"34":1,"35":1,"36":1,"37":1,"38":1,"39":4,"40":1,"42":1,"43":1,"44":4,"45":1,"47":1,"48":1,"49":1,"50":1,"51":1,"52":4,"53":4},"branchMap":{"0":{"type":"branch","line":9,"loc":{"start":{"line":9,"column":28},"end":{"line":23,"column":2}},"locations":[{"start":{"line":9,"column":28},"end":{"line":23,"column":2}}]},"1":{"type":"branch","line":16,"loc":{"start":{"line":16,"column":21},"end":{"line":17,"column":78}},"locations":[{"start":{"line":16,"column":21},"end":{"line":17,"column":78}}]},"2":{"type":"branch","line":25,"loc":{"start":{"line":25,"column":27},"end":{"line":54,"column":2}},"locations":[{"start":{"line":25,"column":27},"end":{"line":54,"column":2}}]},"3":{"type":"branch","line":27,"loc":{"start":{"line":27,"column":19},"end":{"line":31,"column":9}},"locations":[{"start":{"line":27,"column":19},"end":{"line":31,"column":9}}]},"4":{"type":"branch","line":28,"loc":{"start":{"line":28,"column":49},"end":{"line":31,"column":7}},"locations":[{"start":{"line":28,"column":49},"end":{"line":31,"column":7}}]},"5":{"type":"branch","line":32,"loc":{"start":{"line":32,"column":28},"end":{"line":39,"column":9}},"locations":[{"start":{"line":32,"column":28},"end":{"line":39,"column":9}}]},"6":{"type":"branch","line":33,"loc":{"start":{"line":33,"column":49},"end":{"line":39,"column":7}},"locations":[{"start":{"line":33,"column":49},"end":{"line":39,"column":7}}]},"7":{"type":"branch","line":40,"loc":{"start":{"line":40,"column":20},"end":{"line":44,"column":9}},"locations":[{"start":{"line":40,"column":20},"end":{"line":44,"column":9}}]},"8":{"type":"branch","line":41,"loc":{"start":{"line":41,"column":61},"end":{"line":44,"column":7}},"locations":[{"start":{"line":41,"column":61},"end":{"line":44,"column":7}}]},"9":{"type":"branch","line":45,"loc":{"start":{"line":45,"column":29},"end":{"line":52,"column":9}},"locations":[{"start":{"line":45,"column":29},"end":{"line":52,"column":9}}]},"10":{"type":"branch","line":46,"loc":{"start":{"line":46,"column":61},"end":{"line":52,"column":7}},"locations":[{"start":{"line":46,"column":61},"end":{"line":52,"column":7}}]}},"b":{"0":[10],"1":[11],"2":[4],"3":[1],"4":[1],"5":[1],"6":[1],"7":[1],"8":[1],"9":[1],"10":[1]},"fnMap":{"0":{"name":"routeWrapper","decl":{"start":{"line":9,"column":28},"end":{"line":23,"column":2}},"loc":{"start":{"line":9,"column":28},"end":{"line":23,"column":2}},"line":9},"1":{"name":"apiHandlers","decl":{"start":{"line":25,"column":27},"end":{"line":54,"column":2}},"loc":{"start":{"line":25,"column":27},"end":{"line":54,"column":2}},"line":25},"2":{"name":"getAllArticle","decl":{"start":{"line":27,"column":19},"end":{"line":31,"column":9}},"loc":{"start":{"line":27,"column":19},"end":{"line":31,"column":9}},"line":27},"3":{"name":"getAllArticleWithError","decl":{"start":{"line":32,"column":28},"end":{"line":39,"column":9}},"loc":{"start":{"line":32,"column":28},"end":{"line":39,"column":9}},"line":32},"4":{"name":"getArticleById","decl":{"start":{"line":40,"column":20},"end":{"line":44,"column":9}},"loc":{"start":{"line":40,"column":20},"end":{"line":44,"column":9}},"line":40},"5":{"name":"getArticleByIdWithError","decl":{"start":{"line":45,"column":29},"end":{"line":52,"column":9}},"loc":{"start":{"line":45,"column":29},"end":{"line":52,"column":9}},"line":45}},"f":{"0":10,"1":4,"2":1,"3":1,"4":1,"5":1}}
,"C:\\Users\\arundsa\\ReactApps\\MyArticlesApp\\src\\utils\\theme.ts": {"path":"C:\\Users\\arundsa\\ReactApps\\MyArticlesApp\\src\\utils\\theme.ts","all":true,"statementMap":{"0":{"start":{"line":1,"column":0},"end":{"line":1,"column":51}},"2":{"start":{"line":3,"column":0},"end":{"line":3,"column":34}},"3":{"start":{"line":4,"column":0},"end":{"line":4,"column":12}},"4":{"start":{"line":5,"column":0},"end":{"line":5,"column":18}},"5":{"start":{"line":6,"column":0},"end":{"line":6,"column":4}},"6":{"start":{"line":7,"column":0},"end":{"line":7,"column":3}},"8":{"start":{"line":9,"column":0},"end":{"line":9,"column":21}}},"s":{"0":0,"2":0,"3":0,"4":0,"5":0,"6":0,"8":0},"branchMap":{"0":{"type":"branch","line":1,"loc":{"start":{"line":1,"column":0},"end":{"line":9,"column":-49}},"locations":[{"start":{"line":1,"column":0},"end":{"line":9,"column":-49}}]}},"b":{"0":[0]},"fnMap":{"0":{"name":"(empty-report)","decl":{"start":{"line":1,"column":0},"end":{"line":9,"column":-49}},"loc":{"start":{"line":1,"column":0},"end":{"line":9,"column":-49}},"line":1}},"f":{"0":0}}
,"C:\\Users\\arundsa\\ReactApps\\MyArticlesApp\\src\\utils\\api\\service.tsx": {"path":"C:\\Users\\arundsa\\ReactApps\\MyArticlesApp\\src\\utils\\api\\service.tsx","all":false,"statementMap":{"0":{"start":{"line":1,"column":0},"end":{"line":1,"column":49}},"2":{"start":{"line":3,"column":0},"end":{"line":3,"column":40}},"4":{"start":{"line":5,"column":0},"end":{"line":5,"column":49}},"6":{"start":{"line":7,"column":0},"end":{"line":7,"column":42}},"7":{"start":{"line":8,"column":0},"end":{"line":8,"column":19}},"8":{"start":{"line":9,"column":0},"end":{"line":9,"column":31}},"9":{"start":{"line":10,"column":0},"end":{"line":10,"column":26}},"10":{"start":{"line":11,"column":0},"end":{"line":11,"column":64}},"12":{"start":{"line":13,"column":0},"end":{"line":13,"column":25}},"13":{"start":{"line":14,"column":0},"end":{"line":14,"column":24}},"14":{"start":{"line":15,"column":0},"end":{"line":15,"column":113}},"15":{"start":{"line":16,"column":0},"end":{"line":16,"column":10}},"16":{"start":{"line":17,"column":0},"end":{"line":17,"column":7}},"18":{"start":{"line":19,"column":0},"end":{"line":19,"column":66}},"19":{"start":{"line":20,"column":0},"end":{"line":20,"column":6}},"20":{"start":{"line":21,"column":0},"end":{"line":21,"column":5}},"21":{"start":{"line":22,"column":0},"end":{"line":22,"column":2}},"23":{"start":{"line":24,"column":0},"end":{"line":24,"column":65}},"24":{"start":{"line":25,"column":0},"end":{"line":25,"column":19}},"25":{"start":{"line":26,"column":0},"end":{"line":26,"column":49}},"26":{"start":{"line":27,"column":0},"end":{"line":27,"column":26}},"27":{"start":{"line":28,"column":0},"end":{"line":28,"column":77}},"29":{"start":{"line":30,"column":0},"end":{"line":30,"column":25}},"30":{"start":{"line":31,"column":0},"end":{"line":31,"column":24}},"31":{"start":{"line":32,"column":0},"end":{"line":32,"column":96}},"32":{"start":{"line":33,"column":0},"end":{"line":33,"column":10}},"33":{"start":{"line":34,"column":0},"end":{"line":34,"column":7}},"35":{"start":{"line":36,"column":0},"end":{"line":36,"column":64}},"36":{"start":{"line":37,"column":0},"end":{"line":37,"column":6}},"37":{"start":{"line":38,"column":0},"end":{"line":38,"column":5}},"38":{"start":{"line":39,"column":0},"end":{"line":39,"column":2}}},"s":{"0":1,"2":1,"4":1,"6":1,"7":4,"8":4,"9":4,"10":2,"12":2,"13":1,"14":1,"15":1,"16":1,"18":1,"19":2,"20":4,"21":4,"23":1,"24":4,"25":4,"26":4,"27":2,"29":2,"30":1,"31":1,"32":1,"33":1,"35":1,"36":2,"37":4,"38":4},"branchMap":{"0":{"type":"branch","line":7,"loc":{"start":{"line":7,"column":35},"end":{"line":22,"column":2}},"locations":[{"start":{"line":7,"column":35},"end":{"line":22,"column":2}}]},"1":{"type":"branch","line":10,"loc":{"start":{"line":10,"column":13},"end":{"line":20,"column":6}},"locations":[{"start":{"line":10,"column":13},"end":{"line":20,"column":6}}]},"2":{"type":"branch","line":13,"loc":{"start":{"line":13,"column":24},"end":{"line":19,"column":66}},"locations":[{"start":{"line":13,"column":24},"end":{"line":19,"column":66}}]},"3":{"type":"branch","line":24,"loc":{"start":{"line":24,"column":41},"end":{"line":39,"column":2}},"locations":[{"start":{"line":24,"column":41},"end":{"line":39,"column":2}}]},"4":{"type":"branch","line":27,"loc":{"start":{"line":27,"column":13},"end":{"line":37,"column":6}},"locations":[{"start":{"line":27,"column":13},"end":{"line":37,"column":6}}]},"5":{"type":"branch","line":30,"loc":{"start":{"line":30,"column":24},"end":{"line":36,"column":64}},"locations":[{"start":{"line":30,"column":24},"end":{"line":36,"column":64}}]}},"b":{"0":[4],"1":[2],"2":[1],"3":[4],"4":[2],"5":[1]},"fnMap":{"0":{"name":"useGetArticlesQuery","decl":{"start":{"line":7,"column":35},"end":{"line":22,"column":2}},"loc":{"start":{"line":7,"column":35},"end":{"line":22,"column":2}},"line":7},"1":{"name":"queryFn","decl":{"start":{"line":10,"column":13},"end":{"line":20,"column":6}},"loc":{"start":{"line":10,"column":13},"end":{"line":20,"column":6}},"line":10},"2":{"name":"useGetArticleDetailsQuery","decl":{"start":{"line":24,"column":41},"end":{"line":39,"column":2}},"loc":{"start":{"line":24,"column":41},"end":{"line":39,"column":2}},"line":24},"3":{"name":"queryFn","decl":{"start":{"line":27,"column":13},"end":{"line":37,"column":6}},"loc":{"start":{"line":27,"column":13},"end":{"line":37,"column":6}},"line":27}},"f":{"0":4,"1":2,"2":4,"3":2}}
}
